M:\DOCUMENTS\VISUALSTUDIOPROJECTS\BIGSKY\VISUALSTUDIO\VS2012\RELEASE\TEXTPARSER.OBJ
M:\DOCUMENTS\VISUALSTUDIOPROJECTS\BIGSKY\VISUALSTUDIO\VS2012\RELEASE\PARTICLE.OBJ
M:\DOCUMENTS\VISUALSTUDIOPROJECTS\BIGSKY\VISUALSTUDIO\VS2012\RELEASE\ENTITYFACTORY.OBJ
M:\DOCUMENTS\VISUALSTUDIOPROJECTS\BIGSKY\VISUALSTUDIO\VS2012\RELEASE\ENTITY.OBJ
M:\DOCUMENTS\VISUALSTUDIOPROJECTS\BIGSKY\VISUALSTUDIO\VS2012\RELEASE\XBOX360.OBJ
M:\DOCUMENTS\VISUALSTUDIOPROJECTS\BIGSKY\VISUALSTUDIO\VS2012\RELEASE\SYSDEP.OBJ
M:\DOCUMENTS\VISUALSTUDIOPROJECTS\BIGSKY\VISUALSTUDIO\VS2012\RELEASE\MYTRITRI.OBJ
M:\DOCUMENTS\VISUALSTUDIOPROJECTS\BIGSKY\VISUALSTUDIO\VS2012\RELEASE\MATH3D.OBJ
M:\DOCUMENTS\VISUALSTUDIOPROJECTS\BIGSKY\VISUALSTUDIO\VS2012\RELEASE\COLDET_BLD.OBJ
M:\DOCUMENTS\VISUALSTUDIOPROJECTS\BIGSKY\VISUALSTUDIO\VS2012\RELEASE\COLDET.OBJ
M:\DOCUMENTS\VISUALSTUDIOPROJECTS\BIGSKY\VISUALSTUDIO\VS2012\RELEASE\BOX_BLD.OBJ
M:\DOCUMENTS\VISUALSTUDIOPROJECTS\BIGSKY\VISUALSTUDIO\VS2012\RELEASE\BOX.OBJ
M:\DOCUMENTS\VISUALSTUDIOPROJECTS\BIGSKY\VISUALSTUDIO\VS2012\RELEASE\CLIPPER.OBJ
M:\DOCUMENTS\VISUALSTUDIOPROJECTS\BIGSKY\VISUALSTUDIO\VS2012\RELEASE\CAMERA.OBJ
M:\DOCUMENTS\VISUALSTUDIOPROJECTS\BIGSKY\VISUALSTUDIO\VS2012\RELEASE\WORLD.OBJ
M:\DOCUMENTS\VISUALSTUDIOPROJECTS\BIGSKY\VISUALSTUDIO\VS2012\RELEASE\BULLET.OBJ
M:\DOCUMENTS\VISUALSTUDIOPROJECTS\BIGSKY\VISUALSTUDIO\VS2012\RELEASE\UTILS.OBJ
M:\DOCUMENTS\VISUALSTUDIOPROJECTS\BIGSKY\VISUALSTUDIO\VS2012\RELEASE\TEXTURE.OBJ
M:\DOCUMENTS\VISUALSTUDIOPROJECTS\BIGSKY\VISUALSTUDIO\VS2012\RELEASE\SOUNDMANAGER.OBJ
M:\DOCUMENTS\VISUALSTUDIOPROJECTS\BIGSKY\VISUALSTUDIO\VS2012\RELEASE\SHADER.OBJ
M:\DOCUMENTS\VISUALSTUDIOPROJECTS\BIGSKY\VISUALSTUDIO\VS2012\RELEASE\RENDERTOTEXTURE.OBJ
M:\DOCUMENTS\VISUALSTUDIOPROJECTS\BIGSKY\VISUALSTUDIO\VS2012\RELEASE\MESH.OBJ
M:\DOCUMENTS\VISUALSTUDIOPROJECTS\BIGSKY\VISUALSTUDIO\VS2012\RELEASE\FRAMEWORK.OBJ
M:\DOCUMENTS\VISUALSTUDIOPROJECTS\BIGSKY\VISUALSTUDIO\VS2012\RELEASE\BULLETMANAGER.OBJ
M:\DOCUMENTS\VISUALSTUDIOPROJECTS\BIGSKY\VISUALSTUDIO\VS2012\RELEASE\MENUHUD.OBJ
M:\DOCUMENTS\VISUALSTUDIOPROJECTS\BIGSKY\VISUALSTUDIO\VS2012\RELEASE\GAMEHUD.OBJ
M:\DOCUMENTS\VISUALSTUDIOPROJECTS\BIGSKY\VISUALSTUDIO\VS2012\RELEASE\MAIN.OBJ
M:\DOCUMENTS\VISUALSTUDIOPROJECTS\BIGSKY\VISUALSTUDIO\VS2012\RELEASE\ENTITYSKY.OBJ
M:\DOCUMENTS\VISUALSTUDIOPROJECTS\BIGSKY\VISUALSTUDIO\VS2012\RELEASE\ENTITYPLANE.OBJ
M:\DOCUMENTS\VISUALSTUDIOPROJECTS\BIGSKY\VISUALSTUDIO\VS2012\RELEASE\ENTITYPARTICLE.OBJ
M:\DOCUMENTS\VISUALSTUDIOPROJECTS\BIGSKY\VISUALSTUDIO\VS2012\RELEASE\ENTITYMESH.OBJ
M:\DOCUMENTS\VISUALSTUDIOPROJECTS\BIGSKY\VISUALSTUDIO\VS2012\RELEASE\PLAYERCONTROLLER.OBJ
M:\DOCUMENTS\VISUALSTUDIOPROJECTS\BIGSKY\VISUALSTUDIO\VS2012\RELEASE\AICONTROLLER.OBJ
M:\documents\VisualStudioProjects\BigSky\visualstudio\VS2012\Release\aiController.obj
M:\documents\VisualStudioProjects\BigSky\visualstudio\VS2012\Release\box.obj
M:\documents\VisualStudioProjects\BigSky\visualstudio\VS2012\Release\box_bld.obj
M:\documents\VisualStudioProjects\BigSky\visualstudio\VS2012\Release\bullet.obj
M:\documents\VisualStudioProjects\BigSky\visualstudio\VS2012\Release\bulletManager.obj
M:\documents\VisualStudioProjects\BigSky\visualstudio\VS2012\Release\camera.obj
M:\documents\VisualStudioProjects\BigSky\visualstudio\VS2012\Release\clipper.obj
M:\documents\VisualStudioProjects\BigSky\visualstudio\VS2012\Release\coldet.obj
M:\documents\VisualStudioProjects\BigSky\visualstudio\VS2012\Release\coldet_bld.obj
M:\documents\VisualStudioProjects\BigSky\visualstudio\VS2012\Release\entity.obj
M:\documents\VisualStudioProjects\BigSky\visualstudio\VS2012\Release\entityFactory.obj
M:\documents\VisualStudioProjects\BigSky\visualstudio\VS2012\Release\entityMesh.obj
M:\documents\VisualStudioProjects\BigSky\visualstudio\VS2012\Release\entityParticle.obj
M:\documents\VisualStudioProjects\BigSky\visualstudio\VS2012\Release\entityPlane.obj
M:\documents\VisualStudioProjects\BigSky\visualstudio\VS2012\Release\entitySky.obj
M:\documents\VisualStudioProjects\BigSky\visualstudio\VS2012\Release\framework.obj
M:\documents\VisualStudioProjects\BigSky\visualstudio\VS2012\Release\gameHud.obj
M:\documents\VisualStudioProjects\BigSky\visualstudio\VS2012\Release\main.obj
M:\documents\VisualStudioProjects\BigSky\visualstudio\VS2012\Release\math3d.obj
M:\documents\VisualStudioProjects\BigSky\visualstudio\VS2012\Release\menuHud.obj
M:\documents\VisualStudioProjects\BigSky\visualstudio\VS2012\Release\mesh.obj
M:\documents\VisualStudioProjects\BigSky\visualstudio\VS2012\Release\mytritri.obj
M:\documents\VisualStudioProjects\BigSky\visualstudio\VS2012\Release\particle.obj
M:\documents\VisualStudioProjects\BigSky\visualstudio\VS2012\Release\playerController.obj
M:\documents\VisualStudioProjects\BigSky\visualstudio\VS2012\Release\rendertotexture.obj
M:\documents\VisualStudioProjects\BigSky\visualstudio\VS2012\Release\shader.obj
M:\documents\VisualStudioProjects\BigSky\visualstudio\VS2012\Release\soundManager.obj
M:\documents\VisualStudioProjects\BigSky\visualstudio\VS2012\Release\sysdep.obj
M:\documents\VisualStudioProjects\BigSky\visualstudio\VS2012\Release\textparser.obj
M:\documents\VisualStudioProjects\BigSky\visualstudio\VS2012\Release\texture.obj
M:\documents\VisualStudioProjects\BigSky\visualstudio\VS2012\Release\utils.obj
M:\documents\VisualStudioProjects\BigSky\visualstudio\VS2012\Release\world.obj
M:\documents\VisualStudioProjects\BigSky\visualstudio\VS2012\Release\XBOX360.obj
M:\documents\VisualStudioProjects\BigSky\visualstudio\VS2012\Release\cl.command.1.tlog
M:\documents\VisualStudioProjects\BigSky\visualstudio\VS2012\Release\CL.read.1.tlog
M:\documents\VisualStudioProjects\BigSky\visualstudio\VS2012\Release\CL.write.1.tlog
M:\documents\VisualStudioProjects\BigSky\visualstudio\VS2012\Release\vc110.pdb
