Build started 03/05/2015 1:46:53.
     1>Project "M:\documents\VisualStudioProjects\framework\visualstudio\VS2012\visualstudio.vcxproj" on node 2 (Build target(s)).
     1>ClCompile:
         C:\Program Files (x86)\Microsoft Visual Studio 11.0\VC\bin\CL.exe /c /I../libs/include /Zi /nologo /W3 /WX- /O2 /Oi /Oy- /GL /D WIN32 /D NDEBUG /D _CONSOLE /D _UNICODE /D UNICODE /Gm- /EHsc /MD /GS /Gy /fp:precise /Zc:wchar_t /Zc:forScope /Fo"Release\\" /Fd"Release\vc110.pdb" /Gd /TP /analyze- /errorReport:prompt ..\..\src\entity\entitySkybox.cpp
         entitySkybox.cpp
       Link:
         C:\Program Files (x86)\Microsoft Visual Studio 11.0\VC\bin\link.exe /ERRORREPORT:PROMPT /OUT:"..\..\visualstudio.exe" /INCREMENTAL:NO /NOLOGO SDL2.lib SDL2main.lib opengl32.lib glu32.lib glew32.lib kernel32.lib user32.lib gdi32.lib winspool.lib comdlg32.lib advapi32.lib shell32.lib ole32.lib oleaut32.lib uuid.lib odbc32.lib odbccp32.lib /MANIFEST /MANIFESTUAC:"level='asInvoker' uiAccess='false'" /manifest:embed /DEBUG /PDB:"..\..\visualstudio.pdb" /SUBSYSTEM:CONSOLE /OPT:REF /OPT:ICF /LTCG /TLBID:1 /DYNAMICBASE /NXCOMPAT /IMPLIB:"..\..\visualstudio.lib" /MACHINE:X86 /SAFESEH Release\camera.obj
         Release\clipper.obj
         Release\entity.obj
         Release\entityFactory.obj
         Release\entityMesh.obj
         Release\entitySkybox.obj
         Release\textparser.obj
         Release\framework.obj
         Release\game.obj
         Release\main.obj
         Release\mesh.obj
         Release\rendertotexture.obj
         Release\shader.obj
         Release\texture.obj
         Release\utils.obj
         Release\controller.obj
         Release\world.obj
         Generating code
         Finished generating code
         visualstudio.vcxproj -> M:\documents\VisualStudioProjects\framework\visualstudio\VS2012\..\..\visualstudio.exe
     1>Done Building Project "M:\documents\VisualStudioProjects\framework\visualstudio\VS2012\visualstudio.vcxproj" (Build target(s)).

Build succeeded.

Time Elapsed 00:00:01.90
