Build started 02/05/2015 7:22:35.
     1>Project "M:\documents\VisualStudioProjects\framework\visualstudio\VS2012\visualstudio.vcxproj" on node 2 (Build target(s)).
     1>ClCompile:
         C:\Program Files (x86)\Microsoft Visual Studio 11.0\VC\bin\CL.exe /c /I../libs/include /ZI /nologo /W3 /WX- /Od /Oy- /D WIN32 /D _DEBUG /D _CONSOLE /D _UNICODE /D UNICODE /Gm /EHsc /RTC1 /MDd /GS /fp:precise /Zc:wchar_t /Zc:forScope /Fo"Debug\\" /Fd"Debug\vc110.pdb" /Gd /TP /analyze- /errorReport:prompt ..\..\src\world\world.cpp
         world.cpp
     1>m:\documents\visualstudioprojects\framework\src\world\world.cpp(57): warning C4244: 'argument' : conversion from 'int' to 'float', possible loss of data
       Link:
         C:\Program Files (x86)\Microsoft Visual Studio 11.0\VC\bin\link.exe /ERRORREPORT:PROMPT /OUT:"..\..\visualstudio_debug.exe" /INCREMENTAL:NO /NOLOGO SDL2.lib SDL2main.lib opengl32.lib glu32.lib glew32.lib kernel32.lib user32.lib gdi32.lib winspool.lib comdlg32.lib advapi32.lib shell32.lib ole32.lib oleaut32.lib uuid.lib odbc32.lib odbccp32.lib /MANIFEST /MANIFESTUAC:"level='asInvoker' uiAccess='false'" /manifest:embed /DEBUG /PDB:"..\..\visualstudio_debug.pdb" /SUBSYSTEM:CONSOLE /TLBID:1 /DYNAMICBASE /NXCOMPAT /IMPLIB:"..\..\visualstudio_debug.lib" /MACHINE:X86 Debug\camera.obj
         Debug\clipper.obj
         Debug\entity.obj
         Debug\entityFactory.obj
         Debug\entityMesh.obj
         Debug\textparser.obj
         Debug\framework.obj
         Debug\game.obj
         Debug\main.obj
         Debug\mesh.obj
         Debug\rendertotexture.obj
         Debug\shader.obj
         Debug\texture.obj
         Debug\utils.obj
         Debug\controller.obj
         Debug\world.obj
     1>camera.obj : warning LNK4075: ignoring '/EDITANDCONTINUE' due to '/OPT:LBR' specification
     1>MSVCRTD.lib(cinitexe.obj) : warning LNK4098: defaultlib 'msvcrt.lib' conflicts with use of other libs; use /NODEFAULTLIB:library
         visualstudio.vcxproj -> M:\documents\VisualStudioProjects\framework\visualstudio\VS2012\..\..\visualstudio_debug.exe
     1>Done Building Project "M:\documents\VisualStudioProjects\framework\visualstudio\VS2012\visualstudio.vcxproj" (Build target(s)).

Build succeeded.

Time Elapsed 00:00:01.53
