M:\DOCUMENTS\VISUALSTUDIOPROJECTS\BIGSKY\VISUALSTUDIO\VS2012\DEBUG\RENDERTOTEXTURE.OBJ
M:\DOCUMENTS\VISUALSTUDIOPROJECTS\BIGSKY\VISUALSTUDIO\VS2012\DEBUG\SHADER.OBJ
M:\DOCUMENTS\VISUALSTUDIOPROJECTS\BIGSKY\VISUALSTUDIO\VS2012\DEBUG\SOUNDMANAGER.OBJ
M:\DOCUMENTS\VISUALSTUDIOPROJECTS\BIGSKY\VISUALSTUDIO\VS2012\DEBUG\TEXTURE.OBJ
M:\DOCUMENTS\VISUALSTUDIOPROJECTS\BIGSKY\VISUALSTUDIO\VS2012\DEBUG\UTILS.OBJ
M:\DOCUMENTS\VISUALSTUDIOPROJECTS\BIGSKY\VISUALSTUDIO\VS2012\DEBUG\BULLET.OBJ
M:\DOCUMENTS\VISUALSTUDIOPROJECTS\BIGSKY\VISUALSTUDIO\VS2012\DEBUG\WORLD.OBJ
M:\DOCUMENTS\VISUALSTUDIOPROJECTS\BIGSKY\VISUALSTUDIO\VS2012\DEBUG\COLDET.OBJ
M:\DOCUMENTS\VISUALSTUDIOPROJECTS\BIGSKY\VISUALSTUDIO\VS2012\DEBUG\COLDET_BLD.OBJ
M:\DOCUMENTS\VISUALSTUDIOPROJECTS\BIGSKY\VISUALSTUDIO\VS2012\DEBUG\MATH3D.OBJ
M:\DOCUMENTS\VISUALSTUDIOPROJECTS\BIGSKY\VISUALSTUDIO\VS2012\DEBUG\MYTRITRI.OBJ
M:\DOCUMENTS\VISUALSTUDIOPROJECTS\BIGSKY\VISUALSTUDIO\VS2012\DEBUG\SYSDEP.OBJ
M:\DOCUMENTS\VISUALSTUDIOPROJECTS\BIGSKY\VISUALSTUDIO\VS2012\DEBUG\XBOX360.OBJ
M:\DOCUMENTS\VISUALSTUDIOPROJECTS\BIGSKY\VISUALSTUDIO\VS2012\DEBUG\ENTITY.OBJ
M:\DOCUMENTS\VISUALSTUDIOPROJECTS\BIGSKY\VISUALSTUDIO\VS2012\DEBUG\ENTITYFACTORY.OBJ
M:\DOCUMENTS\VISUALSTUDIOPROJECTS\BIGSKY\VISUALSTUDIO\VS2012\DEBUG\PARTICLE.OBJ
M:\DOCUMENTS\VISUALSTUDIOPROJECTS\BIGSKY\VISUALSTUDIO\VS2012\DEBUG\TEXTPARSER.OBJ
M:\DOCUMENTS\VISUALSTUDIOPROJECTS\BIGSKY\VISUALSTUDIO\VS2012\DEBUG\FRAMEWORK.OBJ
M:\DOCUMENTS\VISUALSTUDIOPROJECTS\BIGSKY\VISUALSTUDIO\VS2012\DEBUG\MESH.OBJ
M:\DOCUMENTS\VISUALSTUDIOPROJECTS\BIGSKY\VISUALSTUDIO\VS2012\DEBUG\CAMERA.OBJ
M:\DOCUMENTS\VISUALSTUDIOPROJECTS\BIGSKY\VISUALSTUDIO\VS2012\DEBUG\CLIPPER.OBJ
M:\DOCUMENTS\VISUALSTUDIOPROJECTS\BIGSKY\VISUALSTUDIO\VS2012\DEBUG\BOX.OBJ
M:\DOCUMENTS\VISUALSTUDIOPROJECTS\BIGSKY\VISUALSTUDIO\VS2012\DEBUG\BOX_BLD.OBJ
M:\DOCUMENTS\VISUALSTUDIOPROJECTS\BIGSKY\VISUALSTUDIO\VS2012\DEBUG\VC110.PDB
M:\documents\VisualStudioProjects\BigSky\visualstudio\VS2012\Debug\box.obj
M:\documents\VisualStudioProjects\BigSky\visualstudio\VS2012\Debug\box_bld.obj
M:\documents\VisualStudioProjects\BigSky\visualstudio\VS2012\Debug\bullet.obj
M:\documents\VisualStudioProjects\BigSky\visualstudio\VS2012\Debug\camera.obj
M:\documents\VisualStudioProjects\BigSky\visualstudio\VS2012\Debug\clipper.obj
M:\documents\VisualStudioProjects\BigSky\visualstudio\VS2012\Debug\coldet.obj
M:\documents\VisualStudioProjects\BigSky\visualstudio\VS2012\Debug\coldet_bld.obj
M:\documents\VisualStudioProjects\BigSky\visualstudio\VS2012\Debug\entity.obj
M:\documents\VisualStudioProjects\BigSky\visualstudio\VS2012\Debug\entityFactory.obj
M:\documents\VisualStudioProjects\BigSky\visualstudio\VS2012\Debug\framework.obj
M:\documents\VisualStudioProjects\BigSky\visualstudio\VS2012\Debug\math3d.obj
M:\documents\VisualStudioProjects\BigSky\visualstudio\VS2012\Debug\mesh.obj
M:\documents\VisualStudioProjects\BigSky\visualstudio\VS2012\Debug\mytritri.obj
M:\documents\VisualStudioProjects\BigSky\visualstudio\VS2012\Debug\particle.obj
M:\documents\VisualStudioProjects\BigSky\visualstudio\VS2012\Debug\rendertotexture.obj
M:\documents\VisualStudioProjects\BigSky\visualstudio\VS2012\Debug\shader.obj
M:\documents\VisualStudioProjects\BigSky\visualstudio\VS2012\Debug\soundManager.obj
M:\documents\VisualStudioProjects\BigSky\visualstudio\VS2012\Debug\sysdep.obj
M:\documents\VisualStudioProjects\BigSky\visualstudio\VS2012\Debug\textparser.obj
M:\documents\VisualStudioProjects\BigSky\visualstudio\VS2012\Debug\texture.obj
M:\documents\VisualStudioProjects\BigSky\visualstudio\VS2012\Debug\utils.obj
M:\documents\VisualStudioProjects\BigSky\visualstudio\VS2012\Debug\world.obj
M:\documents\VisualStudioProjects\BigSky\visualstudio\VS2012\Debug\XBOX360.obj
M:\documents\VisualStudioProjects\BigSky\visualstudio\VS2012\Debug\cl.command.1.tlog
M:\documents\VisualStudioProjects\BigSky\visualstudio\VS2012\Debug\CL.read.1.tlog
M:\documents\VisualStudioProjects\BigSky\visualstudio\VS2012\Debug\CL.write.1.tlog
M:\documents\VisualStudioProjects\BigSky\visualstudio\VS2012\Debug\vc110.idb
M:\documents\VisualStudioProjects\BigSky\visualstudio\VS2012\Debug\vc110.pdb
